[2026-04-24T13:17:48.800+0000] {manager.py:470} INFO - Processing files using up to 2 processes at a time 
[2026-04-24T13:17:48.802+0000] {manager.py:471} INFO - Process each file at most once every 30 seconds
[2026-04-24T13:17:48.804+0000] {manager.py:472} INFO - Checking for new files in /opt/airflow/dags every 300 seconds
[2026-04-24T13:17:48.806+0000] {manager.py:737} INFO - Searching for files in /opt/airflow/dags
[2026-04-24T13:17:48.815+0000] {manager.py:740} INFO - There are 0 files in /opt/airflow/dags
[2026-04-24T13:22:49.507+0000] {manager.py:737} INFO - Searching for files in /opt/airflow/dags
[2026-04-24T13:22:49.513+0000] {manager.py:740} INFO - There are 0 files in /opt/airflow/dags
[2026-04-24T13:27:49.742+0000] {manager.py:737} INFO - Searching for files in /opt/airflow/dags
[2026-04-24T13:27:49.750+0000] {manager.py:740} INFO - There are 0 files in /opt/airflow/dags
[2026-04-24T13:32:50.386+0000] {manager.py:737} INFO - Searching for files in /opt/airflow/dags
[2026-04-24T13:32:50.389+0000] {manager.py:740} INFO - There are 0 files in /opt/airflow/dags
[2026-04-24T13:34:10.975+0000] {manager.py:452} INFO - Exiting gracefully upon receiving signal 15
[2026-04-24T13:43:20.611+0000] {manager.py:470} INFO - Processing files using up to 2 processes at a time 
[2026-04-24T13:43:20.613+0000] {manager.py:471} INFO - Process each file at most once every 30 seconds
[2026-04-24T13:43:20.615+0000] {manager.py:472} INFO - Checking for new files in /opt/airflow/dags every 300 seconds
[2026-04-24T13:43:20.616+0000] {manager.py:737} INFO - Searching for files in /opt/airflow/dags
[2026-04-24T13:43:20.623+0000] {manager.py:740} INFO - There are 0 files in /opt/airflow/dags
[2026-04-24T13:48:21.332+0000] {manager.py:737} INFO - Searching for files in /opt/airflow/dags
[2026-04-24T13:48:21.336+0000] {manager.py:740} INFO - There are 0 files in /opt/airflow/dags
[2026-04-24T13:53:21.671+0000] {manager.py:737} INFO - Searching for files in /opt/airflow/dags
[2026-04-24T13:53:21.685+0000] {manager.py:740} INFO - There are 0 files in /opt/airflow/dags
[2026-04-24T13:58:21.784+0000] {manager.py:737} INFO - Searching for files in /opt/airflow/dags
[2026-04-24T13:58:21.789+0000] {manager.py:740} INFO - There are 0 files in /opt/airflow/dags
[2026-04-24T14:03:22.781+0000] {manager.py:737} INFO - Searching for files in /opt/airflow/dags
[2026-04-24T14:03:22.785+0000] {manager.py:740} INFO - There are 0 files in /opt/airflow/dags
[2026-04-24T14:08:23.092+0000] {manager.py:737} INFO - Searching for files in /opt/airflow/dags
[2026-04-24T14:08:23.098+0000] {manager.py:740} INFO - There are 0 files in /opt/airflow/dags
[2026-04-24T14:13:23.100+0000] {manager.py:737} INFO - Searching for files in /opt/airflow/dags
[2026-04-24T14:13:23.138+0000] {manager.py:740} INFO - There are 0 files in /opt/airflow/dags
[2026-04-24T14:18:23.254+0000] {manager.py:737} INFO - Searching for files in /opt/airflow/dags
[2026-04-24T14:18:23.260+0000] {manager.py:740} INFO - There are 0 files in /opt/airflow/dags
[2026-04-24T14:23:23.552+0000] {manager.py:737} INFO - Searching for files in /opt/airflow/dags
[2026-04-24T14:23:23.558+0000] {manager.py:740} INFO - There are 0 files in /opt/airflow/dags
[2026-04-24T14:28:24.420+0000] {manager.py:737} INFO - Searching for files in /opt/airflow/dags
[2026-04-24T14:28:24.425+0000] {manager.py:740} INFO - There are 0 files in /opt/airflow/dags
[2026-04-24T14:33:24.661+0000] {manager.py:737} INFO - Searching for files in /opt/airflow/dags
[2026-04-24T14:33:24.665+0000] {manager.py:740} INFO - There are 0 files in /opt/airflow/dags
[2026-04-24T14:38:25.698+0000] {manager.py:737} INFO - Searching for files in /opt/airflow/dags
[2026-04-24T14:38:25.705+0000] {manager.py:740} INFO - There are 0 files in /opt/airflow/dags
[2026-04-24T14:56:17.243+0000] {manager.py:470} INFO - Processing files using up to 2 processes at a time 
[2026-04-24T14:56:17.246+0000] {manager.py:471} INFO - Process each file at most once every 30 seconds
[2026-04-24T14:56:17.247+0000] {manager.py:472} INFO - Checking for new files in /opt/airflow/dags every 300 seconds
[2026-04-24T14:56:17.252+0000] {manager.py:737} INFO - Searching for files in /opt/airflow/dags
[2026-04-24T14:56:17.259+0000] {manager.py:740} INFO - There are 0 files in /opt/airflow/dags
[2026-04-24T14:57:13.457+0000] {manager.py:452} INFO - Exiting gracefully upon receiving signal 15
